# JRE version: OpenJDK Runtime Environment (11.0.11+9) (build 11.0.11+9-b60-7590822)
# Java VM: OpenJDK 64-Bit Server VM (11.0.11+9-b60-7590822, mixed mode, tiered, compressed oops, g1 gc, windows-amd64)
Heap:
 garbage-first heap   total 76800K, used 54690K [0x0000000080000000, 0x0000000100000000)
  region size 1024K, 20 young (20480K), 3 survivors (3072K)
 Metaspace       used 38713K, capacity 39724K, committed 39804K, reserved 1083392K
  class space    used 4984K, capacity 5341K, committed 5376K, reserved 1048576K
GC Heap History (20 events):
Event: 3.246 GC heap before
{Heap before GC invocations=3 (full 0):
 garbage-first heap   total 63488K, used 34800K [0x0000000080000000, 0x0000000100000000)
  region size 1024K, 25 young (25600K), 1 survivors (1024K)
 Metaspace       used 11542K, capacity 11858K, committed 12160K, reserved 1060864K
  class space    used 1240K, capacity 1318K, committed 1408K, reserved 1048576K
}
Event: 3.252 GC heap after
{Heap after GC invocations=4 (full 0):
 garbage-first heap   total 63488K, used 14261K [0x0000000080000000, 0x0000000100000000)
  region size 1024K, 4 young (4096K), 4 survivors (4096K)
 Metaspace       used 11542K, capacity 11858K, committed 12160K, reserved 1060864K
  class space    used 1240K, capacity 1318K, committed 1408K, reserved 1048576K
}
Event: 4.915 GC heap before
{Heap before GC invocations=4 (full 0):
 garbage-first heap   total 63488K, used 37813K [0x0000000080000000, 0x0000000100000000)
  region size 1024K, 28 young (28672K), 4 survivors (4096K)
 Metaspace       used 17770K, capacity 18269K, committed 18432K, reserved 1064960K
  class space    used 2090K, capacity 2236K, committed 2304K, reserved 1048576K
}
Event: 4.925 GC heap after
{Heap after GC invocations=5 (full 0):
 garbage-first heap   total 63488K, used 16410K [0x0000000080000000, 0x0000000100000000)
  region size 1024K, 2 young (2048K), 2 survivors (2048K)
 Metaspace       used 17770K, capacity 18269K, committed 18432K, reserved 1064960K
  class space    used 2090K, capacity 2236K, committed 2304K, reserved 1048576K
}
Event: 5.604 GC heap before
{Heap before GC invocations=5 (full 0):
 garbage-first heap   total 63488K, used 38938K [0x0000000080000000, 0x0000000100000000)
  region size 1024K, 25 young (25600K), 2 survivors (2048K)
 Metaspace       used 20280K, capacity 20720K, committed 20864K, reserved 1067008K
  class space    used 2477K, capacity 2605K, committed 2688K, reserved 1048576K
}
Event: 5.610 GC heap after
{Heap after GC invocations=6 (full 0):
 garbage-first heap   total 76800K, used 17244K [0x0000000080000000, 0x0000000100000000)
  region size 1024K, 3 young (3072K), 3 survivors (3072K)
 Metaspace       used 20280K, capacity 20720K, committed 20864K, reserved 1067008K
  class space    used 2477K, capacity 2605K, committed 2688K, reserved 1048576K
}
Event: 5.723 GC heap before
{Heap before GC invocations=6 (full 0):
 garbage-first heap   total 76800K, used 19292K [0x0000000080000000, 0x0000000100000000)
  region size 1024K, 6 young (6144K), 3 survivors (3072K)
 Metaspace       used 20665K, capacity 21122K, committed 21296K, reserved 1069056K
  class space    used 2528K, capacity 2676K, committed 2688K, reserved 1048576K
}
Event: 5.730 GC heap after
{Heap after GC invocations=7 (full 0):
 garbage-first heap   total 76800K, used 17534K [0x0000000080000000, 0x0000000100000000)
  region size 1024K, 2 young (2048K), 2 survivors (2048K)
 Metaspace       used 20665K, capacity 21122K, committed 21296K, reserved 1069056K
  class space    used 2528K, capacity 2676K, committed 2688K, reserved 1048576K
}
Event: 8.789 GC heap before
{Heap before GC invocations=8 (full 0):
 garbage-first heap   total 76800K, used 42110K [0x0000000080000000, 0x0000000100000000)
  region size 1024K, 26 young (26624K), 2 survivors (2048K)
 Metaspace       used 22877K, capacity 23451K, committed 23600K, reserved 1069056K
  class space    used 2914K, capacity 3096K, committed 3200K, reserved 1048576K
}
Event: 8.795 GC heap after
{Heap after GC invocations=9 (full 0):
 garbage-first heap   total 76800K, used 18102K [0x0000000080000000, 0x0000000100000000)
  region size 1024K, 2 young (2048K), 2 survivors (2048K)
 Metaspace       used 22877K, capacity 23451K, committed 23600K, reserved 1069056K
  class space    used 2914K, capacity 3096K, committed 3200K, reserved 1048576K
}
Event: 10.059 GC heap before
{Heap before GC invocations=9 (full 0):
 garbage-first heap   total 76800K, used 45750K [0x0000000080000000, 0x0000000100000000)
  region size 1024K, 29 young (29696K), 2 survivors (2048K)
 Metaspace       used 26340K, capacity 27030K, committed 27184K, reserved 1073152K
  class space    used 3429K, capacity 3652K, committed 3712K, reserved 1048576K
}
Event: 10.066 GC heap after
{Heap after GC invocations=10 (full 0):
 garbage-first heap   total 76800K, used 19686K [0x0000000080000000, 0x0000000100000000)
  region size 1024K, 4 young (4096K), 4 survivors (4096K)
 Metaspace       used 26340K, capacity 27030K, committed 27184K, reserved 1073152K
  class space    used 3429K, capacity 3652K, committed 3712K, reserved 1048576K
}
Event: 10.952 GC heap before
{Heap before GC invocations=10 (full 0):
 garbage-first heap   total 76800K, used 57574K [0x0000000080000000, 0x0000000100000000)
  region size 1024K, 32 young (32768K), 4 survivors (4096K)
 Metaspace       used 28237K, capacity 29080K, committed 29360K, reserved 1075200K
  class space    used 3714K, capacity 3989K, committed 4096K, reserved 1048576K
}
Event: 10.963 GC heap after
{Heap after GC invocations=11 (full 0):
 garbage-first heap   total 76800K, used 32888K [0x0000000080000000, 0x0000000100000000)
  region size 1024K, 4 young (4096K), 4 survivors (4096K)
 Metaspace       used 28237K, capacity 29080K, committed 29360K, reserved 1075200K
  class space    used 3714K, capacity 3989K, committed 4096K, reserved 1048576K
}
Event: 11.749 GC heap before
{Heap before GC invocations=11 (full 0):
 garbage-first heap   total 76800K, used 55416K [0x0000000080000000, 0x0000000100000000)
  region size 1024K, 26 young (26624K), 4 survivors (4096K)
 Metaspace       used 30719K, capacity 31636K, committed 31792K, reserved 1077248K
  class space    used 4103K, capacity 4417K, committed 4480K, reserved 1048576K
}
Event: 11.754 GC heap after
{Heap after GC invocations=12 (full 0):
 garbage-first heap   total 76800K, used 33680K [0x0000000080000000, 0x0000000100000000)
  region size 1024K, 1 young (1024K), 1 survivors (1024K)
 Metaspace       used 30719K, capacity 31636K, committed 31792K, reserved 1077248K
  class space    used 4103K, capacity 4417K, committed 4480K, reserved 1048576K
}
Event: 12.868 GC heap before
{Heap before GC invocations=12 (full 0):
 garbage-first heap   total 76800K, used 51088K [0x0000000080000000, 0x0000000100000000)
  region size 1024K, 19 young (19456K), 1 survivors (1024K)
 Metaspace       used 34552K, capacity 35511K, committed 35708K, reserved 1081344K
  class space    used 4516K, capacity 4837K, committed 4864K, reserved 1048576K
}
Event: 12.879 GC heap after
{Heap after GC invocations=13 (full 0):
 garbage-first heap   total 76800K, used 35410K [0x0000000080000000, 0x0000000100000000)
  region size 1024K, 3 young (3072K), 3 survivors (3072K)
 Metaspace       used 34552K, capacity 35511K, committed 35708K, reserved 1081344K
  class space    used 4516K, capacity 4837K, committed 4864K, reserved 1048576K
}
Event: 14.215 GC heap before
{Heap before GC invocations=14 (full 0):
 garbage-first heap   total 76800K, used 55890K [0x0000000080000000, 0x0000000100000000)
  region size 1024K, 24 young (24576K), 3 survivors (3072K)
 Metaspace       used 38228K, capacity 39216K, committed 39292K, reserved 1083392K
  class space    used 4929K, capacity 5304K, committed 5376K, reserved 1048576K
}
Event: 14.225 GC heap after
{Heap after GC invocations=15 (full 0):
 garbage-first heap   total 76800K, used 38306K [0x0000000080000000, 0x0000000100000000)
  region size 1024K, 3 young (3072K), 3 survivors (3072K)
 Metaspace       used 38228K, capacity 39216K, committed 39292K, reserved 1083392K
  class space    used 4929K, capacity 5304K, committed 5376K, reserved 1048576K
}

