# JRE version: OpenJDK Runtime Environment (11.0.11+9) (build 11.0.11+9-b60-7590822)
# Java VM: OpenJDK 64-Bit Server VM (11.0.11+9-b60-7590822, mixed mode, tiered, compressed oops, g1 gc, windows-amd64)
Heap:
 garbage-first heap   total 192512K, used 118693K [0x0000000080000000, 0x0000000100000000)
  region size 1024K, 2 young (2048K), 2 survivors (2048K)
 Metaspace       used 113791K, capacity 116575K, committed 116604K, reserved 1150976K
  class space    used 14745K, capacity 15849K, committed 15872K, reserved 1048576K
GC Heap History (20 events):
Event: 237.349 GC heap after
{Heap after GC invocations=149 (full 0):
 garbage-first heap   total 159744K, used 119082K [0x0000000080000000, 0x0000000100000000)
  region size 1024K, 2 young (2048K), 2 survivors (2048K)
 Metaspace       used 113588K, capacity 116421K, committed 116604K, reserved 1150976K
  class space    used 14737K, capacity 15850K, committed 15872K, reserved 1048576K
}
Event: 237.782 GC heap before
{Heap before GC invocations=150 (full 0):
 garbage-first heap   total 159744K, used 138538K [0x0000000080000000, 0x0000000100000000)
  region size 1024K, 21 young (21504K), 2 survivors (2048K)
 Metaspace       used 113613K, capacity 116433K, committed 116604K, reserved 1150976K
  class space    used 14742K, capacity 15854K, committed 15872K, reserved 1048576K
}
Event: 237.795 GC heap after
{Heap after GC invocations=151 (full 0):
 garbage-first heap   total 159744K, used 119234K [0x0000000080000000, 0x0000000100000000)
  region size 1024K, 2 young (2048K), 2 survivors (2048K)
 Metaspace       used 113613K, capacity 116433K, committed 116604K, reserved 1150976K
  class space    used 14742K, capacity 15854K, committed 15872K, reserved 1048576K
}
Event: 237.913 GC heap before
{Heap before GC invocations=151 (full 0):
 garbage-first heap   total 159744K, used 123330K [0x0000000080000000, 0x0000000100000000)
  region size 1024K, 7 young (7168K), 2 survivors (2048K)
 Metaspace       used 113615K, capacity 116433K, committed 116604K, reserved 1150976K
  class space    used 14742K, capacity 15854K, committed 15872K, reserved 1048576K
}
Event: 237.927 GC heap after
{Heap after GC invocations=152 (full 0):
 garbage-first heap   total 159744K, used 118301K [0x0000000080000000, 0x0000000100000000)
  region size 1024K, 1 young (1024K), 1 survivors (1024K)
 Metaspace       used 113615K, capacity 116433K, committed 116604K, reserved 1150976K
  class space    used 14742K, capacity 15854K, committed 15872K, reserved 1048576K
}
Event: 238.302 GC heap before
{Heap before GC invocations=152 (full 0):
 garbage-first heap   total 159744K, used 137757K [0x0000000080000000, 0x0000000100000000)
  region size 1024K, 20 young (20480K), 1 survivors (1024K)
 Metaspace       used 113624K, capacity 116434K, committed 116604K, reserved 1150976K
  class space    used 14742K, capacity 15854K, committed 15872K, reserved 1048576K
}
Event: 238.316 GC heap after
{Heap after GC invocations=153 (full 0):
 garbage-first heap   total 159744K, used 118657K [0x0000000080000000, 0x0000000100000000)
  region size 1024K, 1 young (1024K), 1 survivors (1024K)
 Metaspace       used 113624K, capacity 116434K, committed 116604K, reserved 1150976K
  class space    used 14742K, capacity 15854K, committed 15872K, reserved 1048576K
}
Event: 238.731 GC heap before
{Heap before GC invocations=153 (full 0):
 garbage-first heap   total 159744K, used 138113K [0x0000000080000000, 0x0000000100000000)
  region size 1024K, 20 young (20480K), 1 survivors (1024K)
 Metaspace       used 113639K, capacity 116434K, committed 116604K, reserved 1150976K
  class space    used 14742K, capacity 15854K, committed 15872K, reserved 1048576K
}
Event: 238.740 GC heap after
{Heap after GC invocations=154 (full 0):
 garbage-first heap   total 159744K, used 119099K [0x0000000080000000, 0x0000000100000000)
  region size 1024K, 2 young (2048K), 2 survivors (2048K)
 Metaspace       used 113639K, capacity 116434K, committed 116604K, reserved 1150976K
  class space    used 14742K, capacity 15854K, committed 15872K, reserved 1048576K
}
Event: 239.509 GC heap before
{Heap before GC invocations=154 (full 0):
 garbage-first heap   total 159744K, used 137531K [0x0000000080000000, 0x0000000100000000)
  region size 1024K, 20 young (20480K), 2 survivors (2048K)
 Metaspace       used 113613K, capacity 116361K, committed 116604K, reserved 1150976K
  class space    used 14728K, capacity 15829K, committed 15872K, reserved 1048576K
}
Event: 239.518 GC heap after
{Heap after GC invocations=155 (full 0):
 garbage-first heap   total 159744K, used 118508K [0x0000000080000000, 0x0000000100000000)
  region size 1024K, 1 young (1024K), 1 survivors (1024K)
 Metaspace       used 113613K, capacity 116361K, committed 116604K, reserved 1150976K
  class space    used 14728K, capacity 15829K, committed 15872K, reserved 1048576K
}
Event: 240.189 GC heap before
{Heap before GC invocations=156 (full 0):
 garbage-first heap   total 159744K, used 137964K [0x0000000080000000, 0x0000000100000000)
  region size 1024K, 20 young (20480K), 1 survivors (1024K)
 Metaspace       used 113652K, capacity 116464K, committed 116604K, reserved 1150976K
  class space    used 14736K, capacity 15843K, committed 15872K, reserved 1048576K
}
Event: 240.202 GC heap after
{Heap after GC invocations=157 (full 0):
 garbage-first heap   total 159744K, used 118642K [0x0000000080000000, 0x0000000100000000)
  region size 1024K, 1 young (1024K), 1 survivors (1024K)
 Metaspace       used 113652K, capacity 116464K, committed 116604K, reserved 1150976K
  class space    used 14736K, capacity 15843K, committed 15872K, reserved 1048576K
}
Event: 240.428 GC heap before
{Heap before GC invocations=157 (full 0):
 garbage-first heap   total 159744K, used 124786K [0x0000000080000000, 0x0000000100000000)
  region size 1024K, 7 young (7168K), 1 survivors (1024K)
 Metaspace       used 113671K, capacity 116464K, committed 116604K, reserved 1150976K
  class space    used 14742K, capacity 15843K, committed 15872K, reserved 1048576K
}
Event: 240.447 GC heap after
{Heap after GC invocations=158 (full 0):
 garbage-first heap   total 159744K, used 118326K [0x0000000080000000, 0x0000000100000000)
  region size 1024K, 1 young (1024K), 1 survivors (1024K)
 Metaspace       used 113671K, capacity 116464K, committed 116604K, reserved 1150976K
  class space    used 14742K, capacity 15843K, committed 15872K, reserved 1048576K
}
Event: 240.793 GC heap before
{Heap before GC invocations=158 (full 0):
 garbage-first heap   total 159744K, used 136758K [0x0000000080000000, 0x0000000100000000)
  region size 1024K, 20 young (20480K), 1 survivors (1024K)
 Metaspace       used 113698K, capacity 116478K, committed 116604K, reserved 1150976K
  class space    used 14744K, capacity 15847K, committed 15872K, reserved 1048576K
}
Event: 240.803 GC heap after
{Heap after GC invocations=159 (full 0):
 garbage-first heap   total 159744K, used 118088K [0x0000000080000000, 0x0000000100000000)
  region size 1024K, 1 young (1024K), 1 survivors (1024K)
 Metaspace       used 113698K, capacity 116478K, committed 116604K, reserved 1150976K
  class space    used 14744K, capacity 15847K, committed 15872K, reserved 1048576K
}
Event: 241.429 GC heap before
{Heap before GC invocations=159 (full 0):
 garbage-first heap   total 159744K, used 137544K [0x0000000080000000, 0x0000000100000000)
  region size 1024K, 20 young (20480K), 1 survivors (1024K)
 Metaspace       used 113731K, capacity 116485K, committed 116604K, reserved 1150976K
  class space    used 14744K, capacity 15847K, committed 15872K, reserved 1048576K
}
Event: 241.437 GC heap after
{Heap after GC invocations=160 (full 0):
 garbage-first heap   total 159744K, used 117915K [0x0000000080000000, 0x0000000100000000)
  region size 1024K, 1 young (1024K), 1 survivors (1024K)
 Metaspace       used 113731K, capacity 116485K, committed 116604K, reserved 1150976K
  class space    used 14744K, capacity 15847K, committed 15872K, reserved 1048576K
}
Event: 242.228 GC heap before
{Heap before GC invocations=161 (full 0):
 garbage-first heap   total 159744K, used 138395K [0x0000000080000000, 0x0000000100000000)
  region size 1024K, 21 young (21504K), 1 survivors (1024K)
 Metaspace       used 113791K, capacity 116575K, committed 116604K, reserved 1150976K
  class space    used 14745K, capacity 15849K, committed 15872K, reserved 1048576K
}

