# JRE version: OpenJDK Runtime Environment (11.0.11+9) (build 11.0.11+9-b60-7590822)
# Java VM: OpenJDK 64-Bit Server VM (11.0.11+9-b60-7590822, mixed mode, tiered, compressed oops, g1 gc, windows-amd64)
Heap:
 garbage-first heap   total 63488K, used 47835K [0x0000000080000000, 0x0000000100000000)
  region size 1024K, 8 young (8192K), 1 survivors (1024K)
 Metaspace       used 42729K, capacity 43818K, committed 43952K, reserved 1087488K
  class space    used 5482K, capacity 5878K, committed 5888K, reserved 1048576K
GC Heap History (20 events):
Event: 13.302 GC heap before
{Heap before GC invocations=10 (full 0):
 garbage-first heap   total 63488K, used 50929K [0x0000000080000000, 0x0000000100000000)
  region size 1024K, 22 young (22528K), 4 survivors (4096K)
 Metaspace       used 30015K, capacity 30938K, committed 31152K, reserved 1077248K
  class space    used 4004K, capacity 4311K, committed 4352K, reserved 1048576K
}
Event: 13.310 GC heap after
{Heap after GC invocations=11 (full 0):
 garbage-first heap   total 63488K, used 33401K [0x0000000080000000, 0x0000000100000000)
  region size 1024K, 1 young (1024K), 1 survivors (1024K)
 Metaspace       used 30015K, capacity 30938K, committed 31152K, reserved 1077248K
  class space    used 4004K, capacity 4311K, committed 4352K, reserved 1048576K
}
Event: 14.360 GC heap before
{Heap before GC invocations=12 (full 0):
 garbage-first heap   total 63488K, used 49785K [0x0000000080000000, 0x0000000100000000)
  region size 1024K, 18 young (18432K), 1 survivors (1024K)
 Metaspace       used 32560K, capacity 33549K, committed 33584K, reserved 1079296K
  class space    used 4398K, capacity 4715K, committed 4736K, reserved 1048576K
}
Event: 14.366 GC heap after
{Heap after GC invocations=13 (full 0):
 garbage-first heap   total 63488K, used 34108K [0x0000000080000000, 0x0000000100000000)
  region size 1024K, 2 young (2048K), 2 survivors (2048K)
 Metaspace       used 32560K, capacity 33549K, committed 33584K, reserved 1079296K
  class space    used 4398K, capacity 4715K, committed 4736K, reserved 1048576K
}
Event: 15.701 GC heap before
{Heap before GC invocations=13 (full 0):
 garbage-first heap   total 63488K, used 50492K [0x0000000080000000, 0x0000000100000000)
  region size 1024K, 19 young (19456K), 2 survivors (2048K)
 Metaspace       used 37860K, capacity 38860K, committed 39088K, reserved 1083392K
  class space    used 4914K, capacity 5293K, committed 5376K, reserved 1048576K
}
Event: 15.717 GC heap after
{Heap after GC invocations=14 (full 0):
 garbage-first heap   total 63488K, used 37768K [0x0000000080000000, 0x0000000100000000)
  region size 1024K, 3 young (3072K), 3 survivors (3072K)
 Metaspace       used 37860K, capacity 38860K, committed 39088K, reserved 1083392K
  class space    used 4914K, capacity 5293K, committed 5376K, reserved 1048576K
}
Event: 16.008 GC heap before
{Heap before GC invocations=15 (full 0):
 garbage-first heap   total 63488K, used 51080K [0x0000000080000000, 0x0000000100000000)
  region size 1024K, 16 young (16384K), 3 survivors (3072K)
 Metaspace       used 38122K, capacity 39150K, committed 39344K, reserved 1083392K
  class space    used 4931K, capacity 5303K, committed 5376K, reserved 1048576K
}
Event: 16.017 GC heap after
{Heap after GC invocations=16 (full 0):
 garbage-first heap   total 63488K, used 39430K [0x0000000080000000, 0x0000000100000000)
  region size 1024K, 2 young (2048K), 2 survivors (2048K)
 Metaspace       used 38122K, capacity 39150K, committed 39344K, reserved 1083392K
  class space    used 4931K, capacity 5303K, committed 5376K, reserved 1048576K
}
Event: 16.292 GC heap before
{Heap before GC invocations=16 (full 0):
 garbage-first heap   total 63488K, used 50694K [0x0000000080000000, 0x0000000100000000)
  region size 1024K, 13 young (13312K), 2 survivors (2048K)
 Metaspace       used 38414K, capacity 39458K, committed 39600K, reserved 1083392K
  class space    used 4964K, capacity 5339K, committed 5376K, reserved 1048576K
}
Event: 16.297 GC heap after
{Heap after GC invocations=17 (full 0):
 garbage-first heap   total 63488K, used 39923K [0x0000000080000000, 0x0000000100000000)
  region size 1024K, 1 young (1024K), 1 survivors (1024K)
 Metaspace       used 38414K, capacity 39458K, committed 39600K, reserved 1083392K
  class space    used 4964K, capacity 5339K, committed 5376K, reserved 1048576K
}
Event: 16.456 GC heap before
{Heap before GC invocations=18 (full 0):
 garbage-first heap   total 63488K, used 42995K [0x0000000080000000, 0x0000000100000000)
  region size 1024K, 6 young (6144K), 1 survivors (1024K)
 Metaspace       used 38698K, capacity 39746K, committed 39856K, reserved 1083392K
  class space    used 4994K, capacity 5371K, committed 5376K, reserved 1048576K
}
Event: 16.461 GC heap after
{Heap after GC invocations=19 (full 0):
 garbage-first heap   total 63488K, used 40916K [0x0000000080000000, 0x0000000100000000)
  region size 1024K, 2 young (2048K), 2 survivors (2048K)
 Metaspace       used 38698K, capacity 39746K, committed 39856K, reserved 1083392K
  class space    used 4994K, capacity 5371K, committed 5376K, reserved 1048576K
}
Event: 17.178 GC heap before
{Heap before GC invocations=20 (full 0):
 garbage-first heap   total 63488K, used 52180K [0x0000000080000000, 0x0000000100000000)
  region size 1024K, 10 young (10240K), 2 survivors (2048K)
 Metaspace       used 40389K, capacity 41387K, committed 41520K, reserved 1085440K
  class space    used 5116K, capacity 5469K, committed 5504K, reserved 1048576K
}
Event: 17.183 GC heap after
{Heap after GC invocations=21 (full 0):
 garbage-first heap   total 63488K, used 41040K [0x0000000080000000, 0x0000000100000000)
  region size 1024K, 2 young (2048K), 2 survivors (2048K)
 Metaspace       used 40389K, capacity 41387K, committed 41520K, reserved 1085440K
  class space    used 5116K, capacity 5469K, committed 5504K, reserved 1048576K
}
Event: 17.404 GC heap before
{Heap before GC invocations=21 (full 0):
 garbage-first heap   total 63488K, used 49232K [0x0000000080000000, 0x0000000100000000)
  region size 1024K, 10 young (10240K), 2 survivors (2048K)
 Metaspace       used 40964K, capacity 42018K, committed 42160K, reserved 1085440K
  class space    used 5209K, capacity 5572K, committed 5632K, reserved 1048576K
}
Event: 17.411 GC heap after
{Heap after GC invocations=22 (full 0):
 garbage-first heap   total 63488K, used 41276K [0x0000000080000000, 0x0000000100000000)
  region size 1024K, 2 young (2048K), 2 survivors (2048K)
 Metaspace       used 40964K, capacity 42018K, committed 42160K, reserved 1085440K
  class space    used 5209K, capacity 5572K, committed 5632K, reserved 1048576K
}
Event: 17.726 GC heap before
{Heap before GC invocations=23 (full 0):
 garbage-first heap   total 63488K, used 49468K [0x0000000080000000, 0x0000000100000000)
  region size 1024K, 10 young (10240K), 2 survivors (2048K)
 Metaspace       used 41677K, capacity 42690K, committed 42800K, reserved 1087488K
  class space    used 5328K, capacity 5712K, committed 5760K, reserved 1048576K
}
Event: 17.732 GC heap after
{Heap after GC invocations=24 (full 0):
 garbage-first heap   total 63488K, used 41565K [0x0000000080000000, 0x0000000100000000)
  region size 1024K, 2 young (2048K), 2 survivors (2048K)
 Metaspace       used 41677K, capacity 42690K, committed 42800K, reserved 1087488K
  class space    used 5328K, capacity 5712K, committed 5760K, reserved 1048576K
}
Event: 17.986 GC heap before
{Heap before GC invocations=24 (full 0):
 garbage-first heap   total 63488K, used 49757K [0x0000000080000000, 0x0000000100000000)
  region size 1024K, 10 young (10240K), 2 survivors (2048K)
 Metaspace       used 42299K, capacity 43351K, committed 43440K, reserved 1087488K
  class space    used 5412K, capacity 5827K, committed 5888K, reserved 1048576K
}
Event: 17.992 GC heap after
{Heap after GC invocations=25 (full 0):
 garbage-first heap   total 63488K, used 41691K [0x0000000080000000, 0x0000000100000000)
  region size 1024K, 1 young (1024K), 1 survivors (1024K)
 Metaspace       used 42299K, capacity 43351K, committed 43440K, reserved 1087488K
  class space    used 5412K, capacity 5827K, committed 5888K, reserved 1048576K
}

