# JRE version: OpenJDK Runtime Environment (11.0.11+9) (build 11.0.11+9-b60-7590822)
# Java VM: OpenJDK 64-Bit Server VM (11.0.11+9-b60-7590822, mixed mode, tiered, compressed oops, g1 gc, windows-amd64)
Heap:
 garbage-first heap   total 114688K, used 64413K [0x0000000080000000, 0x0000000100000000)
  region size 1024K, 4 young (4096K), 3 survivors (3072K)
 Metaspace       used 50747K, capacity 52186K, committed 52272K, reserved 1095680K
  class space    used 6463K, capacity 6956K, committed 7040K, reserved 1048576K
GC Heap History (20 events):
Event: 26.475 GC heap before
{Heap before GC invocations=42 (full 0):
 garbage-first heap   total 76800K, used 53783K [0x0000000080000000, 0x0000000100000000)
  region size 1024K, 5 young (5120K), 1 survivors (1024K)
 Metaspace       used 46511K, capacity 47763K, committed 48048K, reserved 1091584K
  class space    used 5879K, capacity 6348K, committed 6400K, reserved 1048576K
}
Event: 26.480 GC heap after
{Heap after GC invocations=43 (full 0):
 garbage-first heap   total 76800K, used 50888K [0x0000000080000000, 0x0000000100000000)
  region size 1024K, 1 young (1024K), 1 survivors (1024K)
 Metaspace       used 46511K, capacity 47763K, committed 48048K, reserved 1091584K
  class space    used 5879K, capacity 6348K, committed 6400K, reserved 1048576K
}
Event: 26.869 GC heap before
{Heap before GC invocations=44 (full 0):
 garbage-first heap   total 76800K, used 63176K [0x0000000080000000, 0x0000000100000000)
  region size 1024K, 9 young (9216K), 1 survivors (1024K)
 Metaspace       used 46899K, capacity 48121K, committed 48304K, reserved 1091584K
  class space    used 5942K, capacity 6382K, committed 6400K, reserved 1048576K
}
Event: 26.873 GC heap after
{Heap after GC invocations=45 (full 0):
 garbage-first heap   total 76800K, used 56095K [0x0000000080000000, 0x0000000100000000)
  region size 1024K, 2 young (2048K), 2 survivors (2048K)
 Metaspace       used 46899K, capacity 48121K, committed 48304K, reserved 1091584K
  class space    used 5942K, capacity 6382K, committed 6400K, reserved 1048576K
}
Event: 27.190 GC heap before
{Heap before GC invocations=45 (full 0):
 garbage-first heap   total 76800K, used 62239K [0x0000000080000000, 0x0000000100000000)
  region size 1024K, 8 young (8192K), 2 survivors (2048K)
 Metaspace       used 47347K, capacity 48602K, committed 48688K, reserved 1091584K
  class space    used 6012K, capacity 6479K, committed 6528K, reserved 1048576K
}
Event: 27.197 GC heap after
{Heap after GC invocations=46 (full 0):
 garbage-first heap   total 76800K, used 56438K [0x0000000080000000, 0x0000000100000000)
  region size 1024K, 1 young (1024K), 1 survivors (1024K)
 Metaspace       used 47347K, capacity 48602K, committed 48688K, reserved 1091584K
  class space    used 6012K, capacity 6479K, committed 6528K, reserved 1048576K
}
Event: 27.383 GC heap before
{Heap before GC invocations=46 (full 0):
 garbage-first heap   total 76800K, used 62582K [0x0000000080000000, 0x0000000100000000)
  region size 1024K, 7 young (7168K), 1 survivors (1024K)
 Metaspace       used 47495K, capacity 48885K, committed 48944K, reserved 1091584K
  class space    used 6038K, capacity 6488K, committed 6528K, reserved 1048576K
}
Event: 27.388 GC heap after
{Heap after GC invocations=47 (full 0):
 garbage-first heap   total 95232K, used 56565K [0x0000000080000000, 0x0000000100000000)
  region size 1024K, 1 young (1024K), 1 survivors (1024K)
 Metaspace       used 47495K, capacity 48885K, committed 48944K, reserved 1091584K
  class space    used 6038K, capacity 6488K, committed 6528K, reserved 1048576K
}
Event: 28.162 GC heap before
{Heap before GC invocations=48 (full 0):
 garbage-first heap   total 95232K, used 70901K [0x0000000080000000, 0x0000000100000000)
  region size 1024K, 15 young (15360K), 1 survivors (1024K)
 Metaspace       used 48552K, capacity 49898K, committed 50096K, reserved 1093632K
  class space    used 6223K, capacity 6655K, committed 6656K, reserved 1048576K
}
Event: 28.166 GC heap after
{Heap after GC invocations=49 (full 0):
 garbage-first heap   total 95232K, used 57115K [0x0000000080000000, 0x0000000100000000)
  region size 1024K, 1 young (1024K), 1 survivors (1024K)
 Metaspace       used 48552K, capacity 49898K, committed 50096K, reserved 1093632K
  class space    used 6223K, capacity 6655K, committed 6656K, reserved 1048576K
}
Event: 28.903 GC heap before
{Heap before GC invocations=49 (full 0):
 garbage-first heap   total 95232K, used 72475K [0x0000000080000000, 0x0000000100000000)
  region size 1024K, 16 young (16384K), 1 survivors (1024K)
 Metaspace       used 49690K, capacity 51106K, committed 51376K, reserved 1093632K
  class space    used 6380K, capacity 6842K, committed 6912K, reserved 1048576K
}
Event: 28.912 GC heap after
{Heap after GC invocations=50 (full 0):
 garbage-first heap   total 95232K, used 57527K [0x0000000080000000, 0x0000000100000000)
  region size 1024K, 2 young (2048K), 2 survivors (2048K)
 Metaspace       used 49690K, capacity 51106K, committed 51376K, reserved 1093632K
  class space    used 6380K, capacity 6842K, committed 6912K, reserved 1048576K
}
Event: 33.285 GC heap before
{Heap before GC invocations=51 (full 0):
 garbage-first heap   total 95232K, used 72887K [0x0000000080000000, 0x0000000100000000)
  region size 1024K, 17 young (17408K), 2 survivors (2048K)
 Metaspace       used 50328K, capacity 51854K, committed 52016K, reserved 1093632K
  class space    used 6429K, capacity 6916K, committed 7040K, reserved 1048576K
}
Event: 33.292 GC heap after
{Heap after GC invocations=52 (full 0):
 garbage-first heap   total 95232K, used 58623K [0x0000000080000000, 0x0000000100000000)
  region size 1024K, 3 young (3072K), 3 survivors (3072K)
 Metaspace       used 50328K, capacity 51854K, committed 52016K, reserved 1093632K
  class space    used 6429K, capacity 6916K, committed 7040K, reserved 1048576K
}
Event: 34.403 GC heap before
{Heap before GC invocations=52 (full 0):
 garbage-first heap   total 95232K, used 72959K [0x0000000080000000, 0x0000000100000000)
  region size 1024K, 18 young (18432K), 3 survivors (3072K)
 Metaspace       used 50625K, capacity 52090K, committed 52272K, reserved 1095680K
  class space    used 6442K, capacity 6924K, committed 7040K, reserved 1048576K
}
Event: 34.413 GC heap after
{Heap after GC invocations=53 (full 0):
 garbage-first heap   total 114688K, used 59433K [0x0000000080000000, 0x0000000100000000)
  region size 1024K, 3 young (3072K), 3 survivors (3072K)
 Metaspace       used 50625K, capacity 52090K, committed 52272K, reserved 1095680K
  class space    used 6442K, capacity 6924K, committed 7040K, reserved 1048576K
}
Event: 34.667 GC heap before
{Heap before GC invocations=54 (full 0):
 garbage-first heap   total 114688K, used 62505K [0x0000000080000000, 0x0000000100000000)
  region size 1024K, 5 young (5120K), 3 survivors (3072K)
 Metaspace       used 50747K, capacity 52186K, committed 52272K, reserved 1095680K
  class space    used 6463K, capacity 6956K, committed 7040K, reserved 1048576K
}
Event: 34.674 GC heap after
{Heap after GC invocations=55 (full 0):
 garbage-first heap   total 114688K, used 61671K [0x0000000080000000, 0x0000000100000000)
  region size 1024K, 3 young (3072K), 3 survivors (3072K)
 Metaspace       used 50747K, capacity 52186K, committed 52272K, reserved 1095680K
  class space    used 6463K, capacity 6956K, committed 7040K, reserved 1048576K
}
Event: 35.227 GC heap before
{Heap before GC invocations=56 (full 0):
 garbage-first heap   total 114688K, used 62695K [0x0000000080000000, 0x0000000100000000)
  region size 1024K, 4 young (4096K), 3 survivors (3072K)
 Metaspace       used 50747K, capacity 52186K, committed 52272K, reserved 1095680K
  class space    used 6463K, capacity 6956K, committed 7040K, reserved 1048576K
}
Event: 35.235 GC heap after
{Heap after GC invocations=57 (full 0):
 garbage-first heap   total 114688K, used 63389K [0x0000000080000000, 0x0000000100000000)
  region size 1024K, 3 young (3072K), 3 survivors (3072K)
 Metaspace       used 50747K, capacity 52186K, committed 52272K, reserved 1095680K
  class space    used 6463K, capacity 6956K, committed 7040K, reserved 1048576K
}

